# JRE version: Java(TM) SE Runtime Environment (8.0_77-b03) (build 1.8.0_77-b03)
# Java VM: Java HotSpot(TM) 64-Bit Server VM (25.77-b03 mixed mode windows-amd64 compressed oops)
Heap:
 PSYoungGen      total 18944K, used 1966K [0x00000000eb500000, 0x00000000eca00000, 0x0000000100000000)
  eden space 16384K, 12% used [0x00000000eb500000,0x00000000eb6eb9d8,0x00000000ec500000)
  from space 2560K, 0% used [0x00000000ec780000,0x00000000ec780000,0x00000000eca00000)
  to   space 2560K, 0% used [0x00000000ec500000,0x00000000ec500000,0x00000000ec780000)
 ParOldGen       total 31744K, used 2216K [0x00000000c1e00000, 0x00000000c3d00000, 0x00000000eb500000)
  object space 31744K, 6% used [0x00000000c1e00000,0x00000000c202a2f0,0x00000000c3d00000)
 Metaspace       used 11822K, capacity 11996K, committed 12160K, reserved 1062912K
  class space    used 1474K, capacity 1544K, committed 1664K, reserved 1048576K
GC Heap History (8 events):
Event: 0.525 GC heap before
{Heap before GC invocations=1 (full 0):
 PSYoungGen      total 18944K, used 3933K [0x00000000eb500000, 0x00000000eca00000, 0x0000000100000000)
  eden space 16384K, 24% used [0x00000000eb500000,0x00000000eb8d77e8,0x00000000ec500000)
  from space 2560K, 0% used [0x00000000ec780000,0x00000000ec780000,0x00000000eca00000)
  to   space 2560K, 0% used [0x00000000ec500000,0x00000000ec500000,0x00000000ec780000)
 ParOldGen       total 44032K, used 0K [0x00000000c1e00000, 0x00000000c4900000, 0x00000000eb500000)
  object space 44032K, 0% used [0x00000000c1e00000,0x00000000c1e00000,0x00000000c4900000)
 Metaspace       used 7475K, capacity 7640K, committed 7680K, reserved 1060864K
  class space    used 906K, capacity 994K, committed 1024K, reserved 1048576K
Event: 0.529 GC heap after
Heap after GC invocations=1 (full 0):
 PSYoungGen      total 18944K, used 1120K [0x00000000eb500000, 0x00000000eca00000, 0x0000000100000000)
  eden space 16384K, 0% used [0x00000000eb500000,0x00000000eb500000,0x00000000ec500000)
  from space 2560K, 43% used [0x00000000ec500000,0x00000000ec618020,0x00000000ec780000)
  to   space 2560K, 0% used [0x00000000ec780000,0x00000000ec780000,0x00000000eca00000)
 ParOldGen       total 44032K, used 8K [0x00000000c1e00000, 0x00000000c4900000, 0x00000000eb500000)
  object space 44032K, 0% used [0x00000000c1e00000,0x00000000c1e02000,0x00000000c4900000)
 Metaspace       used 7475K, capacity 7640K, committed 7680K, reserved 1060864K
  class space    used 906K, capacity 994K, committed 1024K, reserved 1048576K
}
Event: 0.529 GC heap before
{Heap before GC invocations=2 (full 1):
 PSYoungGen      total 18944K, used 1120K [0x00000000eb500000, 0x00000000eca00000, 0x0000000100000000)
  eden space 16384K, 0% used [0x00000000eb500000,0x00000000eb500000,0x00000000ec500000)
  from space 2560K, 43% used [0x00000000ec500000,0x00000000ec618020,0x00000000ec780000)
  to   space 2560K, 0% used [0x00000000ec780000,0x00000000ec780000,0x00000000eca00000)
 ParOldGen       total 44032K, used 8K [0x00000000c1e00000, 0x00000000c4900000, 0x00000000eb500000)
  object space 44032K, 0% used [0x00000000c1e00000,0x00000000c1e02000,0x00000000c4900000)
 Metaspace       used 7475K, capacity 7640K, committed 7680K, reserved 1060864K
  class space    used 906K, capacity 994K, committed 1024K, reserved 1048576K
Event: 0.546 GC heap after
Heap after GC invocations=2 (full 1):
 PSYoungGen      total 18944K, used 0K [0x00000000eb500000, 0x00000000eca00000, 0x0000000100000000)
  eden space 16384K, 0% used [0x00000000eb500000,0x00000000eb500000,0x00000000ec500000)
  from space 2560K, 0% used [0x00000000ec500000,0x00000000ec500000,0x00000000ec780000)
  to   space 2560K, 0% used [0x00000000ec780000,0x00000000ec780000,0x00000000eca00000)
 ParOldGen       total 31744K, used 1052K [0x00000000c1e00000, 0x00000000c3d00000, 0x00000000eb500000)
  object space 31744K, 3% used [0x00000000c1e00000,0x00000000c1f071c8,0x00000000c3d00000)
 Metaspace       used 7475K, capacity 7640K, committed 7680K, reserved 1058816K
  class space    used 906K, capacity 994K, committed 1024K, reserved 1048576K
}
Event: 1.197 GC heap before
{Heap before GC invocations=3 (full 1):
 PSYoungGen      total 18944K, used 3809K [0x00000000eb500000, 0x00000000eca00000, 0x0000000100000000)
  eden space 16384K, 23% used [0x00000000eb500000,0x00000000eb8b86a0,0x00000000ec500000)
  from space 2560K, 0% used [0x00000000ec500000,0x00000000ec500000,0x00000000ec780000)
  to   space 2560K, 0% used [0x00000000ec780000,0x00000000ec780000,0x00000000eca00000)
 ParOldGen       total 31744K, used 1052K [0x00000000c1e00000, 0x00000000c3d00000, 0x00000000eb500000)
  object space 31744K, 3% used [0x00000000c1e00000,0x00000000c1f071c8,0x00000000c3d00000)
 Metaspace       used 11234K, capacity 11420K, committed 11520K, reserved 1064960K
  class space    used 1408K, capacity 1480K, committed 1536K, reserved 1048576K
Event: 1.200 GC heap after
Heap after GC invocations=3 (full 1):
 PSYoungGen      total 18944K, used 1257K [0x00000000eb500000, 0x00000000eca00000, 0x0000000100000000)
  eden space 16384K, 0% used [0x00000000eb500000,0x00000000eb500000,0x00000000ec500000)
  from space 2560K, 49% used [0x00000000ec780000,0x00000000ec8ba688,0x00000000eca00000)
  to   space 2560K, 0% used [0x00000000ec500000,0x00000000ec500000,0x00000000ec780000)
 ParOldGen       total 31744K, used 1060K [0x00000000c1e00000, 0x00000000c3d00000, 0x00000000eb500000)
  object space 31744K, 3% used [0x00000000c1e00000,0x00000000c1f091c8,0x00000000c3d00000)
 Metaspace       used 11234K, capacity 11420K, committed 11520K, reserved 1064960K
  class space    used 1408K, capacity 1480K, committed 1536K, reserved 1048576K
}
Event: 1.200 GC heap before
{Heap before GC invocations=4 (full 2):
 PSYoungGen      total 18944K, used 1257K [0x00000000eb500000, 0x00000000eca00000, 0x0000000100000000)
  eden space 16384K, 0% used [0x00000000eb500000,0x00000000eb500000,0x00000000ec500000)
  from space 2560K, 49% used [0x00000000ec780000,0x00000000ec8ba688,0x00000000eca00000)
  to   space 2560K, 0% used [0x00000000ec500000,0x00000000ec500000,0x00000000ec780000)
 ParOldGen       total 31744K, used 1060K [0x00000000c1e00000, 0x00000000c3d00000, 0x00000000eb500000)
  object space 31744K, 3% used [0x00000000c1e00000,0x00000000c1f091c8,0x00000000c3d00000)
 Metaspace       used 11234K, capacity 11420K, committed 11520K, reserved 1064960K
  class space    used 1408K, capacity 1480K, committed 1536K, reserved 1048576K
Event: 1.236 GC heap after
Heap after GC invocations=4 (full 2):
 PSYoungGen      total 18944K, used 0K [0x00000000eb500000, 0x00000000eca00000, 0x0000000100000000)
  eden space 16384K, 0% used [0x00000000eb500000,0x00000000eb500000,0x00000000ec500000)
  from space 2560K, 0% used [0x00000000ec780000,0x00000000ec780000,0x00000000eca00000)
  to   space 2560K, 0% used [0x00000000ec500000,0x00000000ec500000,0x00000000ec780000)
 ParOldGen       total 31744K, used 2216K [0x00000000c1e00000, 0x00000000c3d00000, 0x00000000eb500000)
  object space 31744K, 6% used [0x00000000c1e00000,0x00000000c202a2f0,0x00000000c3d00000)
 Metaspace       used 11234K, capacity 11420K, committed 11520K, reserved 1062912K
  class space    used 1408K, capacity 1480K, committed 1536K, reserved 1048576K
}

